{"C:\\Users\\noahp\\Desktop\\Futureproof\\APIProj\\client\\static\\js\\app.js": {"path":"C:\\Users\\noahp\\Desktop\\Futureproof\\APIProj\\client\\static\\js\\app.js","statementMap":{"0":{"start":{"line":2,"column":4},"end":{"line":5,"column":28}},"1":{"start":{"line":3,"column":19},"end":{"line":3,"column":27}},"2":{"start":{"line":9,"column":4},"end":{"line":9,"column":22}},"3":{"start":{"line":11,"column":17},"end":{"line":17,"column":5}},"4":{"start":{"line":19,"column":20},"end":{"line":25,"column":5}},"5":{"start":{"line":27,"column":4},"end":{"line":30,"column":28}},"6":{"start":{"line":28,"column":19},"end":{"line":28,"column":27}},"7":{"start":{"line":34,"column":17},"end":{"line":34,"column":44}},"8":{"start":{"line":35,"column":4},"end":{"line":35,"column":156}},"9":{"start":{"line":36,"column":24},"end":{"line":36,"column":63}},"10":{"start":{"line":37,"column":4},"end":{"line":37,"column":34}},"11":{"start":{"line":41,"column":4},"end":{"line":41,"column":36}},"12":{"start":{"line":44,"column":0},"end":{"line":44,"column":76}}},"fnMap":{"0":{"name":"currentTrainers","decl":{"start":{"line":1,"column":9},"end":{"line":1,"column":24}},"loc":{"start":{"line":1,"column":27},"end":{"line":6,"column":1}},"line":1},"1":{"name":"(anonymous_1)","decl":{"start":{"line":3,"column":14},"end":{"line":3,"column":15}},"loc":{"start":{"line":3,"column":19},"end":{"line":3,"column":27}},"line":3},"2":{"name":"signUp","decl":{"start":{"line":8,"column":9},"end":{"line":8,"column":15}},"loc":{"start":{"line":8,"column":19},"end":{"line":31,"column":1}},"line":8},"3":{"name":"(anonymous_3)","decl":{"start":{"line":28,"column":14},"end":{"line":28,"column":15}},"loc":{"start":{"line":28,"column":19},"end":{"line":28,"column":27}},"line":28},"4":{"name":"appendTrainer","decl":{"start":{"line":33,"column":9},"end":{"line":33,"column":22}},"loc":{"start":{"line":33,"column":29},"end":{"line":38,"column":1}},"line":33},"5":{"name":"appendTrainers","decl":{"start":{"line":40,"column":9},"end":{"line":40,"column":23}},"loc":{"start":{"line":40,"column":34},"end":{"line":42,"column":1}},"line":40}},"branchMap":{},"s":{"0":1,"1":1,"2":1,"3":1,"4":1,"5":1,"6":1,"7":1,"8":1,"9":1,"10":1,"11":0,"12":1},"f":{"0":1,"1":1,"2":1,"3":1,"4":1,"5":0},"b":{},"_coverageSchema":"1a1c01bbd47fc00a2c39e90264f33305004495a9","hash":"b3da3afc3daf60c5517bda53201ffb49d70a6713"}
}
